<?xml version="1.0" encoding="UTF-8"?>
<testng-results ignored="0" total="1" passed="1" failed="0" skipped="0">
  <reporter-output>
    <line>
      <![CDATA[Generate Auto Quote]]>
    </line>
  </reporter-output>
  <suite started-at="2020-12-02T02:40:03Z" name="Default suite" finished-at="2020-12-02T02:40:46Z" duration-ms="42740">
    <groups>
    </groups>
    <test started-at="2020-12-02T02:40:03Z" name="Default test" finished-at="2020-12-02T02:40:46Z" duration-ms="42740">
      <class name="com.prac.tests.AutoQuoteTest">
        <test-method signature="autoQuoteTest()[pri:1, instance:com.prac.tests.AutoQuoteTest@16aa8654]" started-at="2020-12-02T02:40:03Z" name="autoQuoteTest" finished-at="2020-12-02T02:40:46Z" duration-ms="42722" status="PASS">
          <reporter-output>
            <line>
              <![CDATA[Generate Auto Quote]]>
            </line>
          </reporter-output>
        </test-method> <!-- autoQuoteTest -->
      </class> <!-- com.prac.tests.AutoQuoteTest -->
    </test> <!-- Default test -->
  </suite> <!-- Default suite -->
</testng-results>
